2024-03-08T14:56:27.631Z, [my-bank-api], info, API started!
2024-03-08T14:56:45.523Z, [my-bank-api], info, API started!
2024-03-08T14:56:56.711Z, [my-bank-api], info, API started!
2024-03-08T14:57:57.449Z, [my-bank-api], info, API started!
2024-03-08T15:04:56.875Z, [my-bank-api], info, API started!
2024-03-08T15:07:14.428Z, [my-bank-api], info, API started and file created
2024-03-08T15:10:24.993Z, [my-bank-api], info, API started!
2024-03-08T15:10:41.782Z, [my-bank-api], info, API started!
2024-03-08T15:11:26.738Z, [my-bank-api], error, GET /account ENOENT: no such file or directory, open 'C:\Users\rodri\www\backend_projects\my-bank-api\accounts.json'
2024-03-08T15:12:49.347Z, [my-bank-api], info, API started and file created
2024-03-08T15:13:18.442Z, [my-bank-api], info, API started!
2024-03-08T15:13:32.085Z, [my-bank-api], info, API started!
2024-03-08T15:16:56.403Z, [my-bank-api], info, API started!
2024-03-08T15:22:45.684Z, [my-bank-api], info, API started!
2024-03-08T15:24:12.647Z, [my-bank-api], info, API started!
2024-03-08T15:27:23.159Z, [my-bank-api], info, API started!
2024-03-08T15:27:53.352Z, [my-bank-api], info, API started!
2024-03-08T15:28:15.222Z, [my-bank-api], info, API started!
2024-03-08T15:29:28.629Z, [my-bank-api], info, API started!
2024-03-08T15:30:03.718Z, [my-bank-api], info, API started!
2024-03-08T15:30:27.125Z, [my-bank-api], info, API started!
2024-03-08T15:31:12.693Z, [my-bank-api], info, API started!
2024-03-08T15:31:25.124Z, [my-bank-api], info, API started!
2024-03-08T15:32:04.930Z, [my-bank-api], info, GET /account
2024-03-08T15:32:30.432Z, [my-bank-api], info, POST /account - {"id":1,"name":"João Cabral","balance":20000}
2024-03-08T15:32:48.829Z, [my-bank-api], info, GET /account/id
2024-03-08T15:33:09.004Z, [my-bank-api], info, GET /account
2024-03-08T15:33:14.681Z, [my-bank-api], info, GET /account/id
2024-03-08T16:32:45.293Z, [my-bank-api], info, GET /account/id
2024-03-08T16:32:54.589Z, [my-bank-api], info, GET /account/id
2024-03-11T15:24:40.952Z [my-bank-api] info: API started!
2024-03-12T14:48:45.873Z [my-bank-api] info: API started!
2024-03-12T14:58:10.650Z [my-bank-api] info: API started!
2024-03-12T14:58:12.940Z [my-bank-api] info: API started!
2024-03-12T14:58:30.438Z [my-bank-api] info: API started!
2024-03-12T15:00:26.258Z [my-bank-api] info: GET /account
2024-03-12T15:00:53.697Z [my-bank-api] info: PUT /account - {"id":2,"name":"Eduardo Cabral","balance":1300}
2024-03-12T15:01:54.640Z [my-bank-api] info: GET /account/:id
2024-03-12T15:02:01.288Z [my-bank-api] info: GET /account/:id
2024-03-12T15:02:24.266Z [my-bank-api] info: GET /account
2024-03-12T15:02:30.936Z [my-bank-api] info: GET /account/:id
2024-03-12T15:04:56.661Z [my-bank-api] info: POST /account - {"id":2,"name":"Eduardo Cabral","balance":1340.54}
2024-03-12T15:45:42.492Z [my-bank-api] info: API started!
2024-03-12T15:46:11.324Z [my-bank-api] info: API started!
2024-03-12T15:46:25.881Z [my-bank-api] info: API started!
2024-03-12T15:46:30.360Z [my-bank-api] info: API started!
2024-03-12T15:46:48.790Z [my-bank-api] info: API started!
2024-03-12T15:46:54.355Z [my-bank-api] info: API started!
2024-03-12T15:47:13.569Z [my-bank-api] info: API started!
2024-03-12T15:47:18.808Z [my-bank-api] info: API started!
2024-03-12T15:47:34.726Z [my-bank-api] info: API started!
2024-03-12T15:48:06.204Z [my-bank-api] error: POST /account Name and Balance are mandatory!
2024-03-12T15:49:27.489Z [my-bank-api] info: API started!
2024-03-12T15:50:07.846Z [my-bank-api] info: API started!
2024-03-12T15:52:55.342Z [my-bank-api] info: API started!
2024-03-12T15:54:15.478Z [my-bank-api] info: API started!
2024-03-12T15:55:11.784Z [my-bank-api] info: API started!
2024-03-13T16:11:45.135Z [my-bank-api] info: API started!
2024-03-13T16:12:49.904Z [my-bank-api] info: API started!
2024-03-13T16:24:48.480Z [my-bank-api] info: API started!
2024-03-13T16:25:23.000Z [my-bank-api] info: API started!
2024-03-13T16:25:29.164Z [my-bank-api] info: API started!
2024-03-13T16:27:04.667Z [my-bank-api] info: API started!
2024-03-13T16:27:29.191Z [my-bank-api] info: API started!
2024-03-13T16:30:12.080Z [my-bank-api] info: API started!
2024-03-13T16:30:41.558Z [my-bank-api] info: API started!
2024-03-13T16:31:59.156Z [my-bank-api] info: API started!
2024-03-13T16:32:24.159Z [my-bank-api] info: API started!
2024-03-13T16:33:08.022Z [my-bank-api] info: API started!
2024-03-13T16:33:18.523Z [my-bank-api] info: API started!
2024-03-13T16:34:12.262Z [my-bank-api] info: API started!
2024-03-13T16:34:45.060Z [my-bank-api] info: API started!
2024-03-13T16:35:05.649Z [my-bank-api] info: API started!
2024-03-13T16:35:08.843Z [my-bank-api] info: API started!
2024-03-14T14:39:13.781Z [my-bank-api] info: API started!
2024-03-14T14:39:32.745Z [my-bank-api] info: GET /account
2024-03-14T14:39:40.110Z [my-bank-api] info: GET /account/:id
2024-03-14T14:40:18.274Z [my-bank-api] info: GET /account/:id
2024-03-14T14:41:31.804Z [my-bank-api] info: GET /account/:id
2024-03-14T14:48:42.473Z [my-bank-api] info: GET /account/:id
2024-03-14T14:49:10.616Z [my-bank-api] info: API started!
2024-03-14T14:49:14.819Z [my-bank-api] info: GET /account/:id
2024-03-14T14:49:30.529Z [my-bank-api] info: GET /account/:id
2024-03-14T14:49:36.269Z [my-bank-api] info: API started!
2024-03-14T14:49:38.900Z [my-bank-api] info: GET /account/:id
2024-03-14T14:50:39.084Z [my-bank-api] info: API started!
2024-03-14T14:50:41.735Z [my-bank-api] info: GET /account/:id
2024-03-14T14:51:37.142Z [my-bank-api] info: API started!
2024-03-14T15:51:30.585Z [my-bank-api] info: API started!
2024-03-14T15:53:52.048Z [my-bank-api] info: API started!
2024-03-14T15:55:30.946Z [my-bank-api] info: API started!
2024-03-14T15:55:49.712Z [my-bank-api] info: API started!
2024-03-14T15:56:29.697Z [my-bank-api] info: API started!
2024-03-14T15:59:51.591Z [my-bank-api] info: API started!
2024-03-14T16:02:10.148Z [my-bank-api] info: API started!
2024-03-14T16:05:11.785Z [my-bank-api] info: API started!
2024-03-14T16:24:55.583Z [my-bank-api] info: API started!
2024-03-15T14:38:42.614Z [my-bank-api] info: API started!
2024-03-15T14:39:42.841Z [my-bank-api] info: API started!
2024-03-15T14:43:48.680Z [my-bank-api] info: API started!
2024-03-15T14:45:07.767Z [my-bank-api] info: API started!
2024-03-15T14:46:08.290Z [my-bank-api] info: API started!
2024-03-15T14:56:21.495Z [my-bank-api] info: API started!
2024-03-15T14:57:22.847Z [my-bank-api] info: API started!
2024-03-15T15:02:25.657Z [my-bank-api] info: API started!
2024-03-15T15:12:36.616Z [my-bank-api] info: API started!
2024-03-15T15:14:29.729Z [my-bank-api] info: API started!
2024-03-15T15:15:13.012Z [my-bank-api] info: API started!
2024-03-15T15:15:50.579Z [my-bank-api] info: API started!
2024-03-15T15:20:09.177Z [my-bank-api] info: GET /account
2024-03-15T15:20:51.125Z [my-bank-api] info: GET /account/:id
2024-03-15T15:36:32.485Z [my-bank-api] info: GET /account
2024-03-15T15:36:45.855Z [my-bank-api] info: DELETE /account/id - 2
2024-03-15T15:51:05.872Z [my-bank-api] info: API started!
2024-03-15T16:03:35.210Z [my-bank-api] info: API started!
2024-03-15T16:03:52.381Z [my-bank-api] info: API started!
2024-03-15T16:10:38.353Z [my-bank-api] info: API started!
2024-03-15T16:10:47.398Z [my-bank-api] info: API started!
2024-03-15T16:11:03.547Z [my-bank-api] info: API started!
2024-03-15T16:11:15.587Z [my-bank-api] info: API started!
2024-03-15T16:11:58.711Z [my-bank-api] info: API started!
2024-03-15T16:13:00.973Z [my-bank-api] info: API started!
2024-03-15T16:13:12.724Z [my-bank-api] info: API started!
2024-03-15T16:22:35.409Z [my-bank-api] info: API started!
2024-03-15T16:23:08.979Z [my-bank-api] info: API started!
2024-03-15T16:23:24.076Z [my-bank-api] info: API started!
2024-03-18T15:11:17.368Z [my-bank-api] info: API started!
2024-03-18T15:11:31.964Z [my-bank-api] info: API started!
2024-03-18T15:13:51.865Z [my-bank-api] info: API started!
2024-03-18T15:15:23.678Z [my-bank-api] info: API started!
2024-03-18T15:16:08.470Z [my-bank-api] info: API started!
2024-03-18T15:16:11.261Z [my-bank-api] info: API started!
2024-03-18T15:23:33.159Z [my-bank-api] info: API started!
2024-03-18T15:24:12.205Z [my-bank-api] info: API started!
2024-03-18T15:24:26.720Z [my-bank-api] info: API started!
2024-03-18T15:24:40.550Z [my-bank-api] info: API started!
2024-03-18T15:25:11.502Z [my-bank-api] info: API started!
2024-03-18T15:28:47.375Z [my-bank-api] info: API started!
2024-03-18T15:29:21.902Z [my-bank-api] info: API started!
2024-03-18T15:29:26.051Z [my-bank-api] info: API started!
2024-03-18T15:30:06.251Z [my-bank-api] info: API started!
2024-03-18T15:30:48.961Z [my-bank-api] info: API started!
2024-03-18T15:30:57.835Z [my-bank-api] info: API started!
2024-03-18T15:31:09.287Z [my-bank-api] info: API started!
2024-03-18T15:31:57.620Z [my-bank-api] info: API started!
2024-03-18T15:32:31.460Z [my-bank-api] info: API started!
2024-03-18T15:32:52.232Z [my-bank-api] info: API started!
2024-03-18T15:33:57.073Z [my-bank-api] info: API started!
2024-03-18T15:41:35.799Z [my-bank-api] info: API started!
2024-03-18T15:42:45.627Z [my-bank-api] info: API started!
2024-03-18T15:43:42.359Z [my-bank-api] info: API started!
2024-03-18T15:45:21.405Z [my-bank-api] info: API started!
2024-03-18T15:45:33.797Z [my-bank-api] info: API started!
2024-03-18T15:45:47.892Z [my-bank-api] info: API started!
2024-03-18T15:47:09.899Z [my-bank-api] info: API started!
2024-03-18T15:48:02.745Z [my-bank-api] info: API started!
2024-03-18T15:48:12.297Z [my-bank-api] info: API started!
2024-03-18T15:48:51.403Z [my-bank-api] info: API started!
2024-03-18T15:50:20.937Z [my-bank-api] info: API started!
2024-03-18T15:50:44.498Z [my-bank-api] info: API started!
2024-03-18T15:54:51.831Z [my-bank-api] info: API started!
2024-03-18T15:56:06.848Z [my-bank-api] info: API started!
2024-03-18T15:56:15.709Z [my-bank-api] info: API started!
2024-03-18T15:56:39.446Z [my-bank-api] info: API started!
2024-03-18T15:57:05.016Z [my-bank-api] info: API started!
2024-03-18T15:57:26.420Z [my-bank-api] info: API started!
2024-03-18T15:57:59.896Z [my-bank-api] error: GET /account readFile is not defined
2024-03-18T16:00:05.761Z [my-bank-api] info: API started!
2024-03-18T16:01:18.382Z [my-bank-api] info: API started!
2024-03-18T16:02:29.337Z [my-bank-api] info: API started!
2024-03-18T16:02:33.150Z [my-bank-api] error: GET /account readFile is not defined
2024-03-18T16:03:43.563Z [my-bank-api] info: API started!
2024-03-18T16:04:16.400Z [my-bank-api] error: GET /account readFile is not defined
2024-03-18T16:04:23.984Z [my-bank-api] error: GET /account readFile is not defined
2024-03-18T16:21:24.615Z [my-bank-api] info: API started!
2024-03-18T16:21:30.901Z [my-bank-api] error: GET /account readFile is not defined
2024-03-18T16:30:28.434Z [my-bank-api] info: API started!
2024-03-18T20:47:15.049Z [my-bank-api] info: GET /account
2024-03-18T20:49:27.526Z [my-bank-api] info: GET /account/:id
2024-03-18T20:50:07.101Z [my-bank-api] info: GET /account
2024-03-18T20:51:07.249Z [my-bank-api] info: GET /account/:id
2024-03-18T21:00:52.489Z [my-bank-api] info: GET /account
2024-03-18T21:00:57.830Z [my-bank-api] info: GET /account/:id
2024-03-18T21:07:18.501Z [my-bank-api] info: API started!
2024-03-18T21:09:30.560Z [my-bank-api] info: API started!
2024-03-18T21:10:51.068Z [my-bank-api] info: API started!
2024-03-18T21:11:14.567Z [my-bank-api] info: API started!
2024-03-18T21:11:28.247Z [my-bank-api] info: API started!
2024-03-18T21:12:20.263Z [my-bank-api] info: API started!
2024-03-18T22:12:28.734Z [my-bank-api] info: API started!
2024-03-18T22:13:24.532Z [my-bank-api] info: API started!
2024-03-18T22:13:44.680Z [my-bank-api] info: API started!
2024-03-18T22:14:46.330Z [my-bank-api] info: API started!
2024-03-18T22:15:13.195Z [my-bank-api] info: API started!
2024-03-18T22:15:55.251Z [my-bank-api] info: API started!
2024-03-18T22:16:33.014Z [my-bank-api] info: API started!
2024-03-18T22:18:18.705Z [my-bank-api] info: API started!
2024-03-18T22:18:47.237Z [my-bank-api] info: API started!
2024-03-18T22:19:34.538Z [my-bank-api] info: API started!
2024-03-18T22:24:20.301Z [my-bank-api] info: API started!
2024-03-18T22:24:24.824Z [my-bank-api] info: GET /account
2024-03-18T22:25:18.861Z [my-bank-api] info: GET /account
2024-03-18T22:25:23.630Z [my-bank-api] info: GET /account/:id
2024-03-18T22:25:33.204Z [my-bank-api] info: DELETE /account/id - 1
2024-03-18T22:25:37.642Z [my-bank-api] info: GET /account
2024-03-18T22:27:29.296Z [my-bank-api] info: POST /account - {"id":3,"name":"João Cabral","balance":30}
2024-03-18T22:31:53.035Z [my-bank-api] error: POST /account Name and Balance are mandatory!
2024-03-18T22:32:25.442Z [my-bank-api] error: POST /account Name and Balance are mandatory!
2024-03-18T22:33:20.319Z [my-bank-api] error: POST /account Name and Balance are mandatory!
2024-03-18T22:33:36.752Z [my-bank-api] error: POST /account Name and Balance are mandatory!
2024-03-18T22:33:39.653Z [my-bank-api] error: POST /account Name and Balance are mandatory!
2024-03-18T22:39:35.393Z [my-bank-api] info: API started!
2024-03-18T22:39:41.283Z [my-bank-api] info: API started!
2024-03-18T22:39:48.017Z [my-bank-api] error: POST /account Name and Balance are mandatory!
2024-03-18T22:40:16.392Z [my-bank-api] info: API started!
2024-03-18T22:40:30.928Z [my-bank-api] error: POST /account Name and Balance are mandatory!
2024-03-18T22:41:21.732Z [my-bank-api] info: API started!
2024-03-18T22:41:27.631Z [my-bank-api] error: POST /account Name and Balance are mandatory!
2024-03-18T22:42:10.718Z [my-bank-api] info: API started!
2024-03-18T22:45:32.784Z [my-bank-api] info: API started!
2024-03-18T22:45:37.585Z [my-bank-api] error: POST /account Name and Balance are mandatory!
2024-03-18T22:45:41.339Z [my-bank-api] error: POST /account Name and Balance are mandatory!
2024-03-18T22:47:33.096Z [my-bank-api] info: API started!
2024-03-18T22:47:36.312Z [my-bank-api] error: POST /account Name and Balance are mandatory!
2024-03-18T22:47:41.460Z [my-bank-api] error: POST /account Name and Balance are mandatory!
2024-03-18T22:48:17.559Z [my-bank-api] info: API started!
2024-03-18T22:48:20.609Z [my-bank-api] info: API started!
2024-03-18T22:48:35.275Z [my-bank-api] error: POST /account Name and Balance are mandatory!
2024-03-18T22:48:39.028Z [my-bank-api] error: POST /account Name and Balance are mandatory!
2024-03-18T22:48:50.129Z [my-bank-api] info: API started!
2024-03-18T22:49:00.171Z [my-bank-api] error: POST /account Name and Balance are mandatory!
2024-03-18T22:49:10.706Z [my-bank-api] error: POST /account Name and Balance are mandatory!
2024-03-18T22:50:15.542Z [my-bank-api] error: POST /account Name and Balance are mandatory!
2024-03-18T22:51:42.469Z [my-bank-api] info: API started!
2024-03-18T22:51:49.706Z [my-bank-api] info: GET /account
2024-03-18T22:52:06.545Z [my-bank-api] error: POST /account Name and Balance are mandatory!
2024-03-18T22:55:19.333Z [my-bank-api] error: POST /account the ids are generated automatically.
2024-03-18T23:09:01.953Z [my-bank-api] info: POST /account - {"id":4,"name":"Rodrigo Cabral","balance":10}
2024-03-20T19:35:24.455Z [my-bank-api] info: API started!
2024-03-20T19:36:02.319Z [my-bank-api] info: API started!
2024-03-20T19:37:20.881Z [my-bank-api] info: API started!
2024-03-20T19:37:54.281Z [my-bank-api] info: API started!
2024-03-20T19:40:28.668Z [my-bank-api] info: API started!
2024-03-20T19:58:32.017Z [my-bank-api] info: API started!
2024-03-20T20:00:01.061Z [my-bank-api] info: API started!
2024-03-20T20:01:06.669Z [my-bank-api] info: API started!
2024-03-20T20:01:40.196Z [my-bank-api] info: API started!
2024-03-20T20:08:03.292Z [my-bank-api] info: API started!
2024-03-20T20:08:27.937Z [my-bank-api] info: API started!
2024-03-20T20:08:31.849Z [my-bank-api] info: API started!
2024-03-20T20:08:33.513Z [my-bank-api] info: API started!
2024-03-20T20:09:03.750Z [my-bank-api] info: API started!
2024-03-20T20:31:56.853Z [my-bank-api] info: API started!
2024-03-21T14:20:30.898Z [my-bank-api] info: API started!
2024-03-21T14:21:18.446Z [my-bank-api] info: API started!
2024-03-21T14:21:26.804Z [my-bank-api] info: API started!
2024-03-21T14:38:58.718Z [my-bank-api] info: API started!
2024-03-21T14:41:16.651Z [my-bank-api] info: GET /account
2024-03-21T14:47:00.979Z [my-bank-api] info: API started!
2024-03-21T14:47:56.671Z [my-bank-api] info: API started!
2024-03-21T14:48:00.221Z [my-bank-api] info: PATCH /account/updatedBalance - {"id":3,"name":"João Cabral","balance":30}
2024-03-21T14:55:06.383Z [my-bank-api] info: API started!
2024-03-21T14:55:59.318Z [my-bank-api] info: API started!
2024-03-21T14:56:04.069Z [my-bank-api] info: PATCH /account/updatedBalance - {"id":3,"name":"João Cabral","balance":30}
2024-03-21T14:56:08.347Z [my-bank-api] info: API started!
2024-03-21T14:56:18.241Z [my-bank-api] info: PATCH /account/updatedBalance - {"id":3,"name":"João Cabral","balance":40}
2024-03-21T14:56:46.709Z [my-bank-api] info: API started!
2024-03-21T14:56:50.455Z [my-bank-api] info: PATCH /account/updatedBalance - {"id":3,"name":"João Cabral","balance":"30.000"}
2024-03-21T14:58:28.264Z [my-bank-api] info: API started!
2024-03-21T14:58:34.344Z [my-bank-api] info: PATCH /account/updatedBalance - {"id":3,"name":"João Cabral","balance":30}
2024-03-21T15:05:56.309Z [my-bank-api] info: API started!
2024-03-21T15:07:15.269Z [my-bank-api] info: API started!
2024-03-21T16:24:08.511Z [my-bank-api] info: API started!
2024-03-21T16:25:34.680Z [my-bank-api] info: API started!
2024-03-21T16:26:39.644Z [my-bank-api] info: API started!
2024-03-21T16:27:39.547Z [my-bank-api] info: API started!
2024-03-23T16:10:49.171Z [my-bank-api] info: API started!
2024-03-23T16:10:57.312Z [my-bank-api] info: API started!
2024-03-23T16:11:01.725Z [my-bank-api] info: API started!
2024-03-23T16:11:31.663Z [my-bank-api] info: API started!
2024-03-23T16:13:38.792Z [my-bank-api] info: API started!
2024-03-23T16:14:07.596Z [my-bank-api] info: API started!
2024-03-23T16:14:47.299Z [my-bank-api] info: API started!
2024-03-23T16:15:48.131Z [my-bank-api] info: API started!
2024-03-23T16:20:57.419Z [my-bank-api] info: API started!
2024-03-23T16:27:37.045Z [my-bank-api] info: API started!
2024-03-23T17:18:45.335Z [my-bank-api] info: API started!
2024-03-23T17:19:05.769Z [my-bank-api] info: API started!
2024-03-25T14:52:12.633Z [my-bank-api] info: API started!
2024-03-25T14:52:48.373Z [my-bank-api] info: API started!
2024-03-25T14:52:54.095Z [my-bank-api] info: API started!
2024-03-25T14:53:15.382Z [my-bank-api] info: API started!
2024-03-25T14:53:37.064Z [my-bank-api] info: API started!
2024-03-25T14:54:16.920Z [my-bank-api] info: API started!
2024-03-25T14:54:37.035Z [my-bank-api] info: API started!
2024-03-25T14:58:50.416Z [my-bank-api] info: API started!
2024-03-25T14:59:10.889Z [my-bank-api] info: API started!
2024-03-25T15:00:19.853Z [my-bank-api] info: API started!
2024-03-25T15:11:51.874Z [my-bank-api] info: API started!
2024-03-25T15:15:41.189Z [my-bank-api] info: API started!
2024-03-25T15:15:55.371Z [my-bank-api] info: API started!
2024-03-25T15:16:11.695Z [my-bank-api] info: API started!
2024-03-25T15:17:37.675Z [my-bank-api] info: API started!
2024-03-25T15:19:50.311Z [my-bank-api] info: API started!
2024-03-25T15:25:57.833Z [my-bank-api] info: API started!
2024-03-25T15:39:36.576Z [my-bank-api] info: API started!
2024-03-25T15:39:38.506Z [my-bank-api] info: API started!
2024-03-25T15:42:04.041Z [my-bank-api] info: API started!
2024-03-25T15:53:49.287Z [my-bank-api] info: API started!
2024-03-25T15:54:17.907Z [my-bank-api] info: API started!
2024-03-25T15:54:43.552Z [my-bank-api] info: API started!
2024-03-25T15:55:07.784Z [my-bank-api] info: API started!
2024-03-25T15:55:32.082Z [my-bank-api] info: API started!
2024-03-25T15:55:50.341Z [my-bank-api] info: API started!
2024-03-25T15:56:54.595Z [my-bank-api] info: API started!
2024-03-25T15:59:44.127Z [my-bank-api] info: API started!
2024-03-25T16:10:50.227Z [my-bank-api] info: API started!
2024-03-25T16:11:56.779Z [my-bank-api] info: API started!
2024-03-25T16:12:04.182Z [my-bank-api] info: API started!
2024-03-25T16:12:19.144Z [my-bank-api] info: API started!
2024-03-25T16:13:04.404Z [my-bank-api] info: API started!
2024-03-25T16:13:26.202Z [my-bank-api] info: API started!
2024-03-25T16:13:58.473Z [my-bank-api] info: API started!
2024-03-25T16:16:56.843Z [my-bank-api] info: API started!
2024-03-25T16:26:50.645Z [my-bank-api] info: API started!
2024-03-26T14:35:01.235Z [my-bank-api] info: API started!
2024-03-26T14:46:39.673Z [my-bank-api] info: API started!
2024-03-26T14:46:56.571Z [my-bank-api] info: API started!
2024-03-26T14:48:06.072Z [my-bank-api] info: API started!
2024-03-26T14:49:30.905Z [my-bank-api] info: API started!
2024-03-26T14:50:09.562Z [my-bank-api] info: API started!
2024-03-26T15:29:11.621Z [my-bank-api] info: API started!
2024-03-26T15:30:10.474Z [my-bank-api] info: API started!
2024-03-26T15:30:20.007Z [my-bank-api] info: API started!
2024-03-26T15:30:32.370Z [my-bank-api] info: API started!
2024-03-26T15:31:17.135Z [my-bank-api] info: API started!
2024-03-26T15:31:37.139Z [my-bank-api] info: API started!
2024-03-26T15:32:12.056Z [my-bank-api] info: API started!
2024-03-26T15:37:49.944Z [my-bank-api] info: API started!
2024-03-26T15:38:40.512Z [my-bank-api] info: API started!
2024-03-26T15:44:50.284Z [my-bank-api] info: API started!
2024-03-26T15:45:25.736Z [my-bank-api] info: API started!
2024-03-26T15:55:35.533Z [my-bank-api] info: API started!
2024-03-26T15:56:26.671Z [my-bank-api] info: API started!
2024-03-26T15:57:02.013Z [my-bank-api] info: API started!
2024-03-26T15:57:49.370Z [my-bank-api] info: API started!
2024-03-26T15:58:01.439Z [my-bank-api] info: API started!
2024-03-26T15:58:44.064Z [my-bank-api] info: API started!
2024-03-26T15:58:57.341Z [my-bank-api] info: API started!
2024-03-26T15:59:08.482Z [my-bank-api] info: API started!
2024-03-26T15:59:45.962Z [my-bank-api] info: API started!
2024-03-26T16:00:58.481Z [my-bank-api] info: API started!
2024-03-26T16:01:52.073Z [my-bank-api] info: API started!
2024-03-26T16:02:01.306Z [my-bank-api] info: API started!
2024-03-26T16:02:21.843Z [my-bank-api] info: API started!
2024-03-26T16:03:20.014Z [my-bank-api] info: API started!
2024-03-26T16:04:09.639Z [my-bank-api] info: API started!
2024-03-26T16:04:23.023Z [my-bank-api] info: API started!
2024-03-26T16:04:42.849Z [my-bank-api] info: API started!
2024-03-26T16:05:19.911Z [my-bank-api] info: API started!
2024-03-26T16:05:48.937Z [my-bank-api] info: API started!
2024-03-26T16:06:56.664Z [my-bank-api] info: API started!
2024-03-26T16:07:24.043Z [my-bank-api] info: API started!
2024-03-26T16:08:26.197Z [my-bank-api] info: API started!
2024-03-26T16:08:35.921Z [my-bank-api] info: API started!
2024-03-26T16:09:08.744Z [my-bank-api] info: API started!
2024-03-26T16:09:21.346Z [my-bank-api] info: API started!
2024-03-26T16:10:08.884Z [my-bank-api] info: API started!
2024-03-26T16:10:32.957Z [my-bank-api] info: API started!
2024-03-26T16:10:55.314Z [my-bank-api] info: API started!
2024-03-26T16:12:02.750Z [my-bank-api] info: API started!
2024-03-26T16:12:25.246Z [my-bank-api] info: API started!
2024-03-26T16:13:06.729Z [my-bank-api] info: API started!
2024-03-26T16:14:28.493Z [my-bank-api] info: API started!
2024-03-26T16:14:48.511Z [my-bank-api] info: API started!
2024-03-26T16:15:07.447Z [my-bank-api] info: API started!
2024-03-26T16:18:10.881Z [my-bank-api] info: API started!
2024-03-26T16:18:52.466Z [my-bank-api] info: API started!
2024-03-26T16:20:06.448Z [my-bank-api] info: API started!
2024-03-26T16:21:09.900Z [my-bank-api] info: API started!
2024-03-26T16:21:19.703Z [my-bank-api] info: API started!
2024-03-26T16:21:44.685Z [my-bank-api] info: API started!
2024-03-26T16:22:29.201Z [my-bank-api] info: API started!
2024-03-26T16:23:48.235Z [my-bank-api] info: API started!
2024-03-26T16:24:01.160Z [my-bank-api] info: API started!
2024-03-26T16:26:44.177Z [my-bank-api] info: API started!
2024-03-26T16:27:37.731Z [my-bank-api] info: API started!
2024-03-26T16:28:01.708Z [my-bank-api] info: API started!
2024-03-26T16:28:35.408Z [my-bank-api] info: API started!
2024-03-26T16:28:46.594Z [my-bank-api] info: API started!
2024-03-26T16:29:00.166Z [my-bank-api] info: API started!
2024-03-26T16:31:26.360Z [my-bank-api] info: API started!
2024-03-26T16:31:42.962Z [my-bank-api] info: API started!
2024-03-26T16:32:11.898Z [my-bank-api] info: API started!
2024-03-26T16:32:22.207Z [my-bank-api] info: API started!
2024-03-26T16:33:56.349Z [my-bank-api] info: API started!
2024-03-26T16:34:19.074Z [my-bank-api] info: API started!
2024-03-26T16:34:49.030Z [my-bank-api] info: API started!
2024-03-26T16:35:18.533Z [my-bank-api] info: API started!
2024-03-26T16:35:46.056Z [my-bank-api] info: GET /account
2024-03-26T16:36:08.979Z [my-bank-api] error: GET /account The registration was not found
2024-03-26T16:36:14.167Z [my-bank-api] info: GET /account
2024-03-26T16:36:18.312Z [my-bank-api] error: GET /account The registration was not found
2024-03-26T16:36:46.038Z [my-bank-api] info: DELETE /account/id - 4
2024-03-26T16:38:23.822Z [my-bank-api] info: API started!
2024-03-27T14:46:58.465Z [my-bank-api] info: POST /account - {"id":22,"name":"Cabral","balance":40}
2024-03-27T14:47:34.009Z [my-bank-api] info: GET /account
2024-03-27T14:48:06.551Z [my-bank-api] error: PATCH /account The registration was not found
2024-03-27T14:48:15.970Z [my-bank-api] error: PATCH /account Id and Balance are mandatory
2024-03-27T14:48:28.942Z [my-bank-api] error: PATCH /account The registration was not found
2024-03-27T14:53:35.808Z [my-bank-api] error: GET /account The registration was not found
2024-03-27T14:58:46.808Z [my-bank-api] info: API started!
2024-03-27T15:00:09.486Z [my-bank-api] info: API started!
2024-03-27T15:00:12.277Z [my-bank-api] info: GET /account/:id
2024-03-27T15:00:50.288Z [my-bank-api] info: GET /account/:id
